
> nature_index@0.1.0 build
> next build

 Î“ĂśĂˇ Warning: Found multiple lockfiles. Selecting C:\Users\Gaurav\pnpm-lock.yaml.
   Consider removing the lockfiles at:
   * C:\Users\Gaurav\Desktop\Resume\NatureIndex\package-lock.json

   Î“Ă»â–“ Next.js 15.4.6

   Creating an optimized production build ...
> [PWA] Compile server
> [PWA] Compile server
> [PWA] Compile client (static)
> [PWA] Auto register service worker with: C:\Users\Gaurav\Desktop\Resume\NatureIndex\node_modules\next-pwa\register.js
> [PWA] Service worker: C:\Users\Gaurav\Desktop\Resume\NatureIndex\public\sw.js
> [PWA]   url: /sw.js
> [PWA]   scope: /
> [PWA] Fallback to precache routes when fetch failed from cache or network:
> [PWA]   document (page): /offline
 Î“ĂśĂˇ Compiled with warnings in 29.0s

./node_modules/@supabase/realtime-js/dist/module/lib/websocket-factory.js
Critical dependency: the request of a dependency is an expression

Import trace for requested module:
./node_modules/@supabase/realtime-js/dist/module/lib/websocket-factory.js
./node_modules/@supabase/realtime-js/dist/module/index.js
./node_modules/@supabase/supabase-js/dist/module/index.js
./src/app/lib/supabaseClerkServer.js
./src/app/create-post/actions.js

   Linting and checking validity of types ...
   Collecting page data ...
 Î“ĂśĂˇ Using edge runtime on a page currently disables static generation for that page
   Generating static pages (0/25) ...
sitemap: failed to fetch published posts from Supabase Error: Missing NEXT_PUBLIC_SUPABASE_URL or NEXT_PUBLIC_SUPABASE_ANON_KEY
    at <unknown> (C:\Users\Gaurav\Desktop\Resume\NatureIndex\.next\server\app\sitemap.xml\route.js:16:786)
    at y (C:\Users\Gaurav\Desktop\Resume\NatureIndex\.next\server\app\sitemap.xml\route.js:16:881)
    at z (C:\Users\Gaurav\Desktop\Resume\NatureIndex\.next\server\app\sitemap.xml\route.js:16:1834)
    at C (C:\Users\Gaurav\Desktop\Resume\NatureIndex\.next\server\app\sitemap.xml\route.js:16:2418)
   Generating static pages (6/25) 
   Generating static pages (12/25) 
   Generating static pages (18/25) 
 Î“ÂŁĂ´ Generating static pages (25/25)
   Finalizing page optimization ...
   Collecting build traces ...

Route (app)                                 Size  First Load JS  Revalidate  Expire
Î“Ă¶Ă® Î“ĂąĂŻ /                                    2.53 kB         106 kB
Î“Ă¶ÂŁ Î“ĂąĂŻ /_not-found                            171 B         100 kB
Î“Ă¶ÂŁ Î“ĂąĂŻ /about                                 491 B         106 kB
Î“Ă¶ÂŁ Î“ĂąĂŻ /account                             2.42 kB         152 kB
Î“Ă¶ÂŁ â•žĂ† /api/bookmarks                         171 B         100 kB
Î“Ă¶ÂŁ â•žĂ† /api/follows                           171 B         100 kB
Î“Ă¶ÂŁ â•žĂ† /api/posts                             171 B         100 kB
Î“Ă¶ÂŁ â•žĂ† /api/posts/[id]                        171 B         100 kB
Î“Ă¶ÂŁ â•žĂ† /api/search                            171 B         100 kB
Î“Ă¶ÂŁ â•žĂ† /api/tags                              171 B         100 kB
Î“Ă¶ÂŁ â•žĂ† /api/uploads/post-images               171 B         100 kB
Î“Ă¶ÂŁ â•žĂ† /api/views                             171 B         100 kB
Î“Ă¶ÂŁ â•žĂ† /api/webhooks/clerk                    171 B         100 kB
Î“Ă¶ÂŁ â•žĂ† /auth/callback                         171 B         100 kB
Î“Ă¶ÂŁ â•žĂ† /authors/[username]                   1.4 kB         142 kB
Î“Ă¶ÂŁ â•žĂ† /blog                                4.45 kB         180 kB
Î“Ă¶ÂŁ Î“ĂąĂ… /blog/[slug]                         4.89 kB         186 kB
Î“Ă¶ÂŁ â•žĂ† /blog/[slug]/opengraph-image           171 B         100 kB
Î“Ă¶ÂŁ Î“ĂąĂŻ /create-post                         43.7 kB         265 kB
Î“Ă¶ÂŁ Î“ĂąĂŻ /dashboard                             172 B         103 kB
Î“Ă¶ÂŁ Î“ĂąĂŻ /dashboard/analytics                  117 kB         225 kB
Î“Ă¶ÂŁ Î“ĂąĂŻ /dashboard/bookmarks                 1.08 kB         142 kB
Î“Ă¶ÂŁ â•žĂ† /dashboard/posts/[id]/edit           3.86 kB         225 kB
Î“Ă¶ÂŁ Î“ĂąĂŻ /dashboard/webhooks                    171 B         100 kB
Î“Ă¶ÂŁ â•žĂ† /feed.xml                              171 B         100 kB
Î“Ă¶ÂŁ Î“ĂąĂŻ /login                               21.2 kB         166 kB
Î“Ă¶ÂŁ Î“ĂąĂŻ /offline                               172 B         103 kB
Î“Ă¶ÂŁ â•žĂ† /profile/[username]                    178 B         109 kB
Î“Ă¶Ă¶ Î“ĂąĂŻ /sitemap.xml                           171 B         100 kB          1h      1y
+ First Load JS shared by all            99.9 kB
  Î“Ă¶ÂŁ chunks/4bd1b696-6ab7bfcba9168409.js  54.1 kB
  Î“Ă¶ÂŁ chunks/5964-e19a6f11bf2f8a01.js      43.7 kB
  Î“Ă¶Ă¶ other shared chunks (total)          2.05 kB


Î“ĂąĂŻ  (Static)   prerendered as static content
Î“ĂąĂ…  (SSG)      prerendered as static HTML (uses generateStaticParams)
â•žĂ†  (Dynamic)  server-rendered on demand

